<?xml version="1.0" encoding="UTF-8"?>
<testsuite xmlns:xsi="http://www.w3.org/2001/XMLSchema-instance" xsi:noNamespaceSchemaLocation="https://maven.apache.org/surefire/maven-surefire-plugin/xsd/surefire-test-report-3.0.xsd" version="3.0" name="com.ceshiren.CalculatorTest" time="0.344" tests="2" errors="0" skipped="0" failures="0">
  <properties>
    <property name="gopherProxySet" value="false"/>
    <property name="awt.toolkit" value="sun.lwawt.macosx.LWCToolkit"/>
    <property name="java.specification.version" value="11"/>
    <property name="sun.cpu.isalist" value=""/>
    <property name="sun.jnu.encoding" value="UTF-8"/>
    <property name="java.class.path" value="/Users/yanggao/IT/IDEA/hogwarts_code/MavenJunit5/target/test-classes:/Users/yanggao/IT/IDEA/hogwarts_code/MavenJunit5/target/classes:/Users/yanggao/AppData/apache-maven-3.8.3/repo/org/junit/jupiter/junit-jupiter/5.9.1/junit-jupiter-5.9.1.jar:/Users/yanggao/AppData/apache-maven-3.8.3/repo/org/junit/jupiter/junit-jupiter-api/5.9.1/junit-jupiter-api-5.9.1.jar:/Users/yanggao/AppData/apache-maven-3.8.3/repo/org/opentest4j/opentest4j/1.2.0/opentest4j-1.2.0.jar:/Users/yanggao/AppData/apache-maven-3.8.3/repo/org/junit/platform/junit-platform-commons/1.9.1/junit-platform-commons-1.9.1.jar:/Users/yanggao/AppData/apache-maven-3.8.3/repo/org/junit/jupiter/junit-jupiter-params/5.9.1/junit-jupiter-params-5.9.1.jar:/Users/yanggao/AppData/apache-maven-3.8.3/repo/org/junit/jupiter/junit-jupiter-engine/5.9.1/junit-jupiter-engine-5.9.1.jar:/Users/yanggao/AppData/apache-maven-3.8.3/repo/org/junit/vintage/junit-vintage-engine/5.9.1/junit-vintage-engine-5.9.1.jar:/Users/yanggao/AppData/apache-maven-3.8.3/repo/org/junit/platform/junit-platform-engine/1.9.1/junit-platform-engine-1.9.1.jar:/Users/yanggao/AppData/apache-maven-3.8.3/repo/junit/junit/4.13.2/junit-4.13.2.jar:/Users/yanggao/AppData/apache-maven-3.8.3/repo/org/hamcrest/hamcrest-core/1.3/hamcrest-core-1.3.jar:/Users/yanggao/AppData/apache-maven-3.8.3/repo/org/apiguardian/apiguardian-api/1.1.2/apiguardian-api-1.1.2.jar:/Users/yanggao/AppData/apache-maven-3.8.3/repo/org/junit/platform/junit-platform-suite/1.9.1/junit-platform-suite-1.9.1.jar:/Users/yanggao/AppData/apache-maven-3.8.3/repo/org/junit/platform/junit-platform-suite-api/1.9.1/junit-platform-suite-api-1.9.1.jar:/Users/yanggao/AppData/apache-maven-3.8.3/repo/org/junit/platform/junit-platform-suite-engine/1.9.1/junit-platform-suite-engine-1.9.1.jar:/Users/yanggao/AppData/apache-maven-3.8.3/repo/org/junit/platform/junit-platform-suite-commons/1.9.1/junit-platform-suite-commons-1.9.1.jar:/Users/yanggao/AppData/apache-maven-3.8.3/repo/org/slf4j/slf4j-api/2.0.3/slf4j-api-2.0.3.jar:/Users/yanggao/AppData/apache-maven-3.8.3/repo/ch/qos/logback/logback-classic/1.4.3/logback-classic-1.4.3.jar:/Users/yanggao/AppData/apache-maven-3.8.3/repo/ch/qos/logback/logback-core/1.4.3/logback-core-1.4.3.jar:/Users/yanggao/AppData/apache-maven-3.8.3/repo/io/qameta/allure/allure-junit5/2.19.0/allure-junit5-2.19.0.jar:/Users/yanggao/AppData/apache-maven-3.8.3/repo/io/qameta/allure/allure-junit-platform/2.19.0/allure-junit-platform-2.19.0.jar:/Users/yanggao/AppData/apache-maven-3.8.3/repo/io/qameta/allure/allure-java-commons/2.19.0/allure-java-commons-2.19.0.jar:/Users/yanggao/AppData/apache-maven-3.8.3/repo/io/qameta/allure/allure-model/2.19.0/allure-model-2.19.0.jar:/Users/yanggao/AppData/apache-maven-3.8.3/repo/io/qameta/allure/allure-test-filter/2.19.0/allure-test-filter-2.19.0.jar:/Users/yanggao/AppData/apache-maven-3.8.3/repo/org/junit/platform/junit-platform-launcher/1.9.1/junit-platform-launcher-1.9.1.jar:/Users/yanggao/AppData/apache-maven-3.8.3/repo/org/aspectj/aspectjweaver/1.9.9.1/aspectjweaver-1.9.9.1.jar:"/>
    <property name="java.vm.vendor" value="Oracle Corporation"/>
    <property name="sun.arch.data.model" value="64"/>
    <property name="java.vendor.url" value="https://openjdk.java.net/"/>
    <property name="user.timezone" value="Asia/Shanghai"/>
    <property name="java.vm.specification.version" value="11"/>
    <property name="os.name" value="Mac OS X"/>
    <property name="sun.java.launcher" value="SUN_STANDARD"/>
    <property name="user.country" value="CN"/>
    <property name="sun.boot.library.path" value="/Library/Java/JavaVirtualMachines/jdk-11.0.17.jdk/Contents/Home/lib"/>
    <property name="sun.java.command" value="/Users/yanggao/IT/IDEA/hogwarts_code/MavenJunit5/target/surefire/surefirebooter-20221120151311636_3.jar /Users/yanggao/IT/IDEA/hogwarts_code/MavenJunit5/target/surefire 2022-11-20T15-13-11_400-jvmRun1 surefire-20221120151311636_1tmp surefire_0-20221120151311636_2tmp"/>
    <property name="jdk.debug" value="release"/>
    <property name="surefire.test.class.path" value="/Users/yanggao/IT/IDEA/hogwarts_code/MavenJunit5/target/test-classes:/Users/yanggao/IT/IDEA/hogwarts_code/MavenJunit5/target/classes:/Users/yanggao/AppData/apache-maven-3.8.3/repo/org/junit/jupiter/junit-jupiter/5.9.1/junit-jupiter-5.9.1.jar:/Users/yanggao/AppData/apache-maven-3.8.3/repo/org/junit/jupiter/junit-jupiter-api/5.9.1/junit-jupiter-api-5.9.1.jar:/Users/yanggao/AppData/apache-maven-3.8.3/repo/org/opentest4j/opentest4j/1.2.0/opentest4j-1.2.0.jar:/Users/yanggao/AppData/apache-maven-3.8.3/repo/org/junit/platform/junit-platform-commons/1.9.1/junit-platform-commons-1.9.1.jar:/Users/yanggao/AppData/apache-maven-3.8.3/repo/org/junit/jupiter/junit-jupiter-params/5.9.1/junit-jupiter-params-5.9.1.jar:/Users/yanggao/AppData/apache-maven-3.8.3/repo/org/junit/jupiter/junit-jupiter-engine/5.9.1/junit-jupiter-engine-5.9.1.jar:/Users/yanggao/AppData/apache-maven-3.8.3/repo/org/junit/vintage/junit-vintage-engine/5.9.1/junit-vintage-engine-5.9.1.jar:/Users/yanggao/AppData/apache-maven-3.8.3/repo/org/junit/platform/junit-platform-engine/1.9.1/junit-platform-engine-1.9.1.jar:/Users/yanggao/AppData/apache-maven-3.8.3/repo/junit/junit/4.13.2/junit-4.13.2.jar:/Users/yanggao/AppData/apache-maven-3.8.3/repo/org/hamcrest/hamcrest-core/1.3/hamcrest-core-1.3.jar:/Users/yanggao/AppData/apache-maven-3.8.3/repo/org/apiguardian/apiguardian-api/1.1.2/apiguardian-api-1.1.2.jar:/Users/yanggao/AppData/apache-maven-3.8.3/repo/org/junit/platform/junit-platform-suite/1.9.1/junit-platform-suite-1.9.1.jar:/Users/yanggao/AppData/apache-maven-3.8.3/repo/org/junit/platform/junit-platform-suite-api/1.9.1/junit-platform-suite-api-1.9.1.jar:/Users/yanggao/AppData/apache-maven-3.8.3/repo/org/junit/platform/junit-platform-suite-engine/1.9.1/junit-platform-suite-engine-1.9.1.jar:/Users/yanggao/AppData/apache-maven-3.8.3/repo/org/junit/platform/junit-platform-suite-commons/1.9.1/junit-platform-suite-commons-1.9.1.jar:/Users/yanggao/AppData/apache-maven-3.8.3/repo/org/slf4j/slf4j-api/2.0.3/slf4j-api-2.0.3.jar:/Users/yanggao/AppData/apache-maven-3.8.3/repo/ch/qos/logback/logback-classic/1.4.3/logback-classic-1.4.3.jar:/Users/yanggao/AppData/apache-maven-3.8.3/repo/ch/qos/logback/logback-core/1.4.3/logback-core-1.4.3.jar:/Users/yanggao/AppData/apache-maven-3.8.3/repo/io/qameta/allure/allure-junit5/2.19.0/allure-junit5-2.19.0.jar:/Users/yanggao/AppData/apache-maven-3.8.3/repo/io/qameta/allure/allure-junit-platform/2.19.0/allure-junit-platform-2.19.0.jar:/Users/yanggao/AppData/apache-maven-3.8.3/repo/io/qameta/allure/allure-java-commons/2.19.0/allure-java-commons-2.19.0.jar:/Users/yanggao/AppData/apache-maven-3.8.3/repo/io/qameta/allure/allure-model/2.19.0/allure-model-2.19.0.jar:/Users/yanggao/AppData/apache-maven-3.8.3/repo/io/qameta/allure/allure-test-filter/2.19.0/allure-test-filter-2.19.0.jar:/Users/yanggao/AppData/apache-maven-3.8.3/repo/org/junit/platform/junit-platform-launcher/1.9.1/junit-platform-launcher-1.9.1.jar:/Users/yanggao/AppData/apache-maven-3.8.3/repo/org/aspectj/aspectjweaver/1.9.9.1/aspectjweaver-1.9.9.1.jar:"/>
    <property name="sun.cpu.endian" value="little"/>
    <property name="user.home" value="/Users/yanggao"/>
    <property name="user.language" value="zh"/>
    <property name="java.specification.vendor" value="Oracle Corporation"/>
    <property name="java.version.date" value="2022-10-18"/>
    <property name="java.home" value="/Library/Java/JavaVirtualMachines/jdk-11.0.17.jdk/Contents/Home"/>
    <property name="file.separator" value="/"/>
    <property name="basedir" value="/Users/yanggao/IT/IDEA/hogwarts_code/MavenJunit5"/>
    <property name="java.vm.compressedOopsMode" value="Zero based"/>
    <property name="line.separator" value="&#10;"/>
    <property name="java.specification.name" value="Java Platform API Specification"/>
    <property name="java.vm.specification.vendor" value="Oracle Corporation"/>
    <property name="java.awt.graphicsenv" value="sun.awt.CGraphicsEnvironment"/>
    <property name="surefire.real.class.path" value="/Users/yanggao/IT/IDEA/hogwarts_code/MavenJunit5/target/surefire/surefirebooter-20221120151311636_3.jar"/>
    <property name="user.script" value="Hans"/>
    <property name="sun.management.compiler" value="HotSpot 64-Bit Tiered Compilers"/>
    <property name="java.runtime.version" value="11.0.17+10-LTS-269"/>
    <property name="user.name" value="yanggao"/>
    <property name="path.separator" value=":"/>
    <property name="os.version" value="13.0.1"/>
    <property name="java.runtime.name" value="Java(TM) SE Runtime Environment"/>
    <property name="file.encoding" value="UTF-8"/>
    <property name="java.vm.name" value="Java HotSpot(TM) 64-Bit Server VM"/>
    <property name="java.vendor.version" value="18.9"/>
    <property name="localRepository" value="/Users/yanggao/AppData/apache-maven-3.8.3/repo"/>
    <property name="java.vendor.url.bug" value="https://bugreport.java.com/bugreport/"/>
    <property name="java.io.tmpdir" value="/var/folders/sf/k8f6051124n3s8rp2b3lh7ww0000gn/T/"/>
    <property name="java.version" value="11.0.17"/>
    <property name="user.dir" value="/Users/yanggao/IT/IDEA/hogwarts_code/MavenJunit5"/>
    <property name="os.arch" value="x86_64"/>
    <property name="java.vm.specification.name" value="Java Virtual Machine Specification"/>
    <property name="java.awt.printerjob" value="sun.lwawt.macosx.CPrinterJob"/>
    <property name="sun.os.patch.level" value="unknown"/>
    <property name="java.library.path" value="/Users/yanggao/Library/Java/Extensions:/Library/Java/Extensions:/Network/Library/Java/Extensions:/System/Library/Java/Extensions:/usr/lib/java:."/>
    <property name="java.vendor" value="Oracle Corporation"/>
    <property name="java.vm.info" value="mixed mode"/>
    <property name="java.vm.version" value="11.0.17+10-LTS-269"/>
    <property name="sun.io.unicode.encoding" value="UnicodeBig"/>
    <property name="java.class.version" value="55.0"/>
  </properties>
  <testcase name="first2" classname="com.ceshiren.CalculatorTest" time="0.145">
    <system-out><![CDATA[15:13:12,438 |-INFO in ch.qos.logback.classic.LoggerContext[default] - This is logback-classic version 1.4.3
15:13:12,469 |-INFO in ch.qos.logback.classic.LoggerContext[default] - Could NOT find resource [logback-test.xml]
15:13:12,476 |-INFO in ch.qos.logback.classic.LoggerContext[default] - Found resource [logback.xml] at [file:/Users/yanggao/IT/IDEA/hogwarts_code/MavenJunit5/target/classes/logback.xml]
15:13:12,672 |-WARN in ch.qos.logback.core.model.processor.ImplicitModelHandler - Ignoring unknown property [encoder] in [ch.qos.logback.classic.LoggerContext]
15:13:12,672 |-INFO in ch.qos.logback.core.model.processor.TimestampModelHandler - Using current interpretation time, i.e. now, as time reference.
15:13:12,701 |-INFO in ch.qos.logback.core.model.processor.TimestampModelHandler - Adding property to the context with key="byModel" and value="20221120" to the LOCAL scope
15:13:12,710 |-INFO in ch.qos.logback.core.model.processor.AppenderModelHandler - Processing appender named [STDOUT]
15:13:12,710 |-INFO in ch.qos.logback.core.model.processor.AppenderModelHandler - About to instantiate appender of type [ch.qos.logback.core.ConsoleAppender]
15:13:12,717 |-INFO in ch.qos.logback.core.model.processor.ImplicitModelHandler - Assuming default type [ch.qos.logback.classic.encoder.PatternLayoutEncoder] for [encoder] property
15:13:12,770 |-INFO in ch.qos.logback.core.model.processor.AppenderModelHandler - Processing appender named [FILE]
15:13:12,770 |-INFO in ch.qos.logback.core.model.processor.AppenderModelHandler - About to instantiate appender of type [ch.qos.logback.core.rolling.RollingFileAppender]
15:13:12,788 |-INFO in c.q.l.core.rolling.TimeBasedRollingPolicy@828088650 - setting totalSizeCap to 1 GB
15:13:12,801 |-INFO in c.q.l.core.rolling.TimeBasedRollingPolicy@828088650 - Will use zip compression
15:13:12,803 |-INFO in c.q.l.core.rolling.TimeBasedRollingPolicy@828088650 - Will use the pattern log.zip.path_IS_UNDEFINED/%d{yyyy-MM-dd}.%i.log for the active file
15:13:12,832 |-INFO in ch.qos.logback.core.rolling.SizeAndTimeBasedFNATP@50cf5a23 - The date pattern is 'yyyy-MM-dd' from file name pattern 'log.zip.path_IS_UNDEFINED/%d{yyyy-MM-dd}.%i.log.zip'.
15:13:12,832 |-INFO in ch.qos.logback.core.rolling.SizeAndTimeBasedFNATP@50cf5a23 - Roll-over at midnight.
15:13:12,839 |-INFO in ch.qos.logback.core.rolling.SizeAndTimeBasedFNATP@50cf5a23 - Setting initial period to Sun Nov 20 11:43:24 CST 2022
15:13:12,839 |-WARN in ch.qos.logback.core.rolling.SizeAndTimeBasedFNATP@50cf5a23 - SizeAndTimeBasedFNATP is deprecated. Use SizeAndTimeBasedRollingPolicy instead
15:13:12,839 |-WARN in ch.qos.logback.core.rolling.SizeAndTimeBasedFNATP@50cf5a23 - For more information see http://logback.qos.ch/manual/appenders.html#SizeAndTimeBasedRollingPolicy
15:13:12,841 |-INFO in ch.qos.logback.core.model.processor.ImplicitModelHandler - Assuming default type [ch.qos.logback.classic.encoder.PatternLayoutEncoder] for [encoder] property
15:13:12,851 |-INFO in ch.qos.logback.core.rolling.RollingFileAppender[FILE] - Active log file name: 20221120.log
15:13:12,851 |-INFO in ch.qos.logback.core.rolling.RollingFileAppender[FILE] - File property is set to [20221120.log]
15:13:12,856 |-INFO in ch.qos.logback.classic.model.processor.LoggerModelHandler - Setting level of logger [com.ceshiren] to DEBUG
15:13:12,857 |-INFO in ch.qos.logback.classic.model.processor.LoggerModelHandler - Setting level of logger [ch.qos.logback] to INFO
15:13:12,857 |-INFO in ch.qos.logback.classic.model.processor.LoggerModelHandler - Setting level of logger [org] to WARN
15:13:12,857 |-INFO in ch.qos.logback.classic.model.processor.RootLoggerModelHandler - Setting level of ROOT logger to INFO
15:13:12,857 |-INFO in ch.qos.logback.core.model.processor.AppenderRefModelHandler - Attaching appender named [STDOUT] to Logger[ROOT]
15:13:12,858 |-INFO in ch.qos.logback.core.model.processor.AppenderRefModelHandler - Attaching appender named [FILE] to Logger[ROOT]
15:13:12,858 |-INFO in ch.qos.logback.core.model.processor.DefaultProcessor@450794b4 - End of configuration.
15:13:12,859 |-INFO in ch.qos.logback.classic.joran.JoranConfigurator@273c947f - Registering current configuration as safe fallback point

第二个测试用例
]]></system-out>
  </testcase>
  <testcase name="first" classname="com.ceshiren.CalculatorTest" time="0.003">
    <system-out><![CDATA[第一个测试用例
]]></system-out>
  </testcase>
</testsuite>